[debug] [2022-11-24T13:16:55.354Z] ----------------------------------------------------------------------
[debug] [2022-11-24T13:16:55.356Z] Command:       C:\Program Files\nodejs\node.exe C:\Users\berka\AppData\Roaming\npm\node_modules\firebase-tools\lib\bin\firebase.js init
[debug] [2022-11-24T13:16:55.356Z] CLI Version:   11.16.1
[debug] [2022-11-24T13:16:55.356Z] Platform:      win32
[debug] [2022-11-24T13:16:55.356Z] Node Version:  v18.12.1
[debug] [2022-11-24T13:16:55.357Z] Time:          Thu Nov 24 2022 22:16:55 GMT+0900 (Waktu Standar Jepang)
[debug] [2022-11-24T13:16:55.357Z] ----------------------------------------------------------------------
[debug] 
[debug] [2022-11-24T13:16:55.407Z] > command requires scopes: ["email","openid","https://www.googleapis.com/auth/cloudplatformprojects.readonly","https://www.googleapis.com/auth/firebase","https://www.googleapis.com/auth/cloud-platform"]
[debug] [2022-11-24T13:16:55.407Z] > authorizing via signed-in user (datacenter.raptor@gmail.com)
[info] 
     ######## #### ########  ######## ########     ###     ######  ########
     ##        ##  ##     ## ##       ##     ##  ##   ##  ##       ##
     ######    ##  ########  ######   ########  #########  ######  ######
     ##        ##  ##    ##  ##       ##     ## ##     ##       ## ##
     ##       #### ##     ## ######## ########  ##     ##  ######  ########

You're about to initialize a Firebase project in this directory:

  C:\Users\berka\NoSuratKanwilHamMaluku

Before we get started, keep in mind:

  * You are initializing within an existing Firebase project directory

[info] 
=== Project Setup
[info] 
[info] First, let's associate this project directory with a Firebase project.
[info] You can create multiple project aliases by running firebase use --add, 
[info] but for now we'll just set up a default project.
[info] 
[debug] [2022-11-24T13:17:01.347Z] Using project from CLI flag: nosurat-kanwil-ham-maluku
[debug] [2022-11-24T13:17:01.349Z] >>> [apiv2][query] GET https://firebase.googleapis.com/v1beta1/projects/nosurat-kanwil-ham-maluku [none]
[debug] [2022-11-24T13:17:02.738Z] <<< [apiv2][status] GET https://firebase.googleapis.com/v1beta1/projects/nosurat-kanwil-ham-maluku 200
[debug] [2022-11-24T13:17:02.738Z] <<< [apiv2][body] GET https://firebase.googleapis.com/v1beta1/projects/nosurat-kanwil-ham-maluku {"projectId":"nosurat-kanwil-ham-maluku","projectNumber":"906307601651","displayName":"nosurat-kanwil-ham-maluku","name":"projects/nosurat-kanwil-ham-maluku","resources":{"hostingSite":"nosurat-kanwil-ham-maluku"},"state":"ACTIVE","etag":"1_c4ee1486-e055-4142-90c4-ad558e81b911"}
[info] i  Using project nosurat-kanwil-ham-maluku (nosurat-kanwil-ham-maluku) 
[info] 
=== Hosting Setup
[info] 
[info] Your public directory is the folder (relative to your project directory) that
[info] will contain Hosting assets to be uploaded with firebase deploy. If you
[info] have a build process for your assets, use your build's output directory.
[info] 
[info] i  Skipping write of public/404.html 
[debug] [2022-11-24T13:18:09.635Z] >>> [apiv2][query] GET https://www.gstatic.com/firebasejs/releases.json [none]
[debug] [2022-11-24T13:18:10.975Z] <<< [apiv2][status] GET https://www.gstatic.com/firebasejs/releases.json 200
[debug] [2022-11-24T13:18:10.975Z] <<< [apiv2][body] GET https://www.gstatic.com/firebasejs/releases.json {"current":{"version":"9.14.0","browserURL":"https://www.gstatic.com/firebasejs/9.14.0/firebase.js","packageURL":"https://www.gstatic.com/firebasejs/9.14.0/firebase.tgz"},"live":{"version":"9.14","browserURL":"https://www.gstatic.com/firebasejs/live/9.14/firebase.js","packageURL":"https://www.gstatic.com/firebasejs/live/9.14/firebase.tgz"},"components":{"analytics":"https://www.gstatic.com/firebasejs/9.14.0/firebase-analytics.js","app":"https://www.gstatic.com/firebasejs/9.14.0/firebase-app.js","app-check":"https://www.gstatic.com/firebasejs/9.14.0/firebase-app-check.js","auth":"https://www.gstatic.com/firebasejs/9.14.0/firebase-auth.js","auth/cordova":"https://www.gstatic.com/firebasejs/9.14.0/firebase-auth/cordova.js","auth/react-native":"https://www.gstatic.com/firebasejs/9.14.0/firebase-auth/react-native.js","functions":"https://www.gstatic.com/firebasejs/9.14.0/firebase-functions.js","firestore":"https://www.gstatic.com/firebasejs/9.14.0/firebase-firestore.js","firestore/lite":"https://www.gstatic.com/firebasejs/9.14.0/firebase-firestore/lite.js","installations":"https://www.gstatic.com/firebasejs/9.14.0/firebase-installations.js","storage":"https://www.gstatic.com/firebasejs/9.14.0/firebase-storage.js","performance":"https://www.gstatic.com/firebasejs/9.14.0/firebase-performance.js","remote-config":"https://www.gstatic.com/firebasejs/9.14.0/firebase-remote-config.js","messaging":"https://www.gstatic.com/firebasejs/9.14.0/firebase-messaging.js","messaging/sw":"https://www.gstatic.com/firebasejs/9.14.0/firebase-messaging/sw.js","database":"https://www.gstatic.com/firebasejs/9.14.0/firebase-database.js","firestore.memory":"https://www.gstatic.com/firebasejs/9.14.0/firebase-firestore.memory.js"}}
[info] +  Wrote public/index.html 
[info] 
[info] i  Didn't detect a .git folder. Assuming C:\Users\berka\NoSuratKanwilHamMaluku is the project root. 
[info] i  Authorizing with GitHub to upload your service account to a GitHub repository's secrets store. 
[info] 
[info] Visit this URL on this device to log in:
[info] https://github.com/login/oauth/authorize?client_id=89cf50f02ac6aaed3484&state=615409696&redirect_uri=http%3A%2F%2Flocalhost%3A9005&scope=read%3Auser%20repo%20public_repo
[info] 
[info] Waiting for authentication...
[debug] [2022-11-24T13:18:25.822Z] >>> [apiv2][query] POST https://github.com/login/oauth/access_token [none]
[debug] [2022-11-24T13:18:25.822Z] >>> [apiv2][body] POST https://github.com/login/oauth/access_token [stream]
[debug] [2022-11-24T13:18:29.445Z] <<< [apiv2][status] POST https://github.com/login/oauth/access_token 200
[debug] [2022-11-24T13:18:29.445Z] <<< [apiv2][body] POST https://github.com/login/oauth/access_token {"access_token":"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","token_type":"bearer","scope":"read:user,repo"}
[debug] [2022-11-24T13:18:29.451Z] >>> [apiv2][query] GET https://api.github.com/user [none]
[debug] [2022-11-24T13:18:31.045Z] <<< [apiv2][status] GET https://api.github.com/user 200
[debug] [2022-11-24T13:18:31.045Z] <<< [apiv2][body] GET https://api.github.com/user {"login":"rahmadraptor","id":118985554,"node_id":"U_kgDOBxeTUg","avatar_url":"https://avatars.githubusercontent.com/u/118985554?v=4","gravatar_id":"","url":"https://api.github.com/users/rahmadraptor","html_url":"https://github.com/rahmadraptor","followers_url":"https://api.github.com/users/rahmadraptor/followers","following_url":"https://api.github.com/users/rahmadraptor/following{/other_user}","gists_url":"https://api.github.com/users/rahmadraptor/gists{/gist_id}","starred_url":"https://api.github.com/users/rahmadraptor/starred{/owner}{/repo}","subscriptions_url":"https://api.github.com/users/rahmadraptor/subscriptions","organizations_url":"https://api.github.com/users/rahmadraptor/orgs","repos_url":"https://api.github.com/users/rahmadraptor/repos","events_url":"https://api.github.com/users/rahmadraptor/events{/privacy}","received_events_url":"https://api.github.com/users/rahmadraptor/received_events","type":"User","site_admin":false,"name":null,"company":null,"blog":"","location":null,"email":null,"hireable":null,"bio":null,"twitter_username":null,"public_repos":0,"public_gists":0,"followers":0,"following":0,"created_at":"2022-11-24T13:11:29Z","updated_at":"2022-11-24T13:11:29Z","private_gists":0,"total_private_repos":0,"owned_private_repos":0,"disk_usage":0,"collaborators":0,"two_factor_authentication":false,"plan":{"name":"free","space":976562499,"collaborators":0,"private_repos":10000}}
[info] 
[info] +  Success! Logged into GitHub as rahmadraptor 
[info] 
